../geometryData/data 2DinCube_10M
../geometryData/data/2DinCube_10M
2DinCube_10M : -d 2 -k 1 -r 3 : '1.267', '1.263', '1.267', geomean = 1.266
../geometryData/data 2Dkuzmin_10M
../geometryData/data/2Dkuzmin_10M
2Dkuzmin_10M : -d 2 -k 1 -r 3 : '1.435', '1.443', '1.424', geomean = 1.434
../geometryData/data 3DinCube_10M
../geometryData/data/3DinCube_10M
3DinCube_10M : -d 3 -k 1 -r 3 : '2.11', '2.102', '2.11', geomean = 2.107
../geometryData/data 3DonSphere_10M
../geometryData/data/3DonSphere_10M
3DonSphere_10M : -d 3 -k 1 -r 3 : '1.528', '1.521', '1.529', geomean = 1.526
../geometryData/data 3DinCube_10M
../geometryData/data/3DinCube_10M
3DinCube_10M : -d 3 -k 10 -r 3 : '6.225', '6.217', '6.239', geomean = 6.227
../geometryData/data 3Dplummer_10M
../geometryData/data/3Dplummer_10M
3Dplummer_10M : -d 3 -k 10 -r 3 : '9.739', '9.804', '9.791', geomean = 9.778
octTree : 8 : geomean of mins = 2.652, geomean of geomeans = 2.662
/users/samuraiy/Melody/spa/pbbs/nearestNeighbors_octTree
